<?xml version="1.0" encoding="UTF-8"?>
<!-- Generated by org.testng.reporters.JUnitReportReporter -->
<testsuite hostname="Phuong-PC" name="interview.test.animal.dao.TestAnimalDao" tests="3" failures="0" timestamp="9 Jul 2014 16:05:27 GMT" time="0.429" errors="0">
  <testcase name="testFindDog" time="0.030" classname="interview.test.animal.dao.TestAnimalDao"/>
  <testcase name="testFindDogOrCat" time="0.247" classname="interview.test.animal.dao.TestAnimalDao"/>
  <testcase name="testFindCat" time="0.152" classname="interview.test.animal.dao.TestAnimalDao"/>
</testsuite> <!-- interview.test.animal.dao.TestAnimalDao -->
