<?xml version="1.0" encoding="UTF-8"?>
<!-- Generated by org.testng.reporters.JUnitReportReporter -->
<testsuite hostname="Phuong-PC" name="main.java.animal.test.TestAnimalDao" tests="3" failures="0" timestamp="9 Jul 2014 16:01:41 GMT" time="0.437" errors="0">
  <testcase name="testFindDog" time="0.026" classname="main.java.animal.test.TestAnimalDao"/>
  <testcase name="testFindCat" time="0.345" classname="main.java.animal.test.TestAnimalDao"/>
  <testcase name="testFindDogOrCat" time="0.066" classname="main.java.animal.test.TestAnimalDao"/>
</testsuite> <!-- main.java.animal.test.TestAnimalDao -->
